<?xml version="1.0" encoding="UTF-8"?>
<testsuite xmlns:xsi="http://www.w3.org/2001/XMLSchema-instance" xsi:noNamespaceSchemaLocation="https://maven.apache.org/surefire/maven-surefire-plugin/xsd/surefire-test-report-3.0.xsd" version="3.0" name="studycaseaplikasiapi.springbeaidil.controller.EmployeeControllerTest" time="1.213" tests="4" errors="0" skipped="0" failures="0">
  <properties>
[...]
</properties>
  <testcase name="testDeleteEmployee" classname="studycaseaplikasiapi.springbeaidil.controller.EmployeeControllerTest" time="0.028">
    <system-out><![CDATA[2024-09-24 17:49:40.366 [main] INFO  o.s.t.c.s.AnnotationConfigContextLoaderUtils - [] - Could not detect default configuration classes for test class [studycaseaplikasiapi.springbeaidil.controller.EmployeeControllerTest]: EmployeeControllerTest does not declare any static, non-private, non-final, nested classes annotated with @Configuration.
2024-09-24 17:49:40.371 [main] INFO  o.s.b.t.c.SpringBootTestContextBootstrapper - [] - Found @SpringBootConfiguration studycaseaplikasiapi.springbeaidil.AplikasiApIstudycaseSpringbeaidilApplication for test class studycaseaplikasiapi.springbeaidil.controller.EmployeeControllerTest

  .   ____          _            __ _ _
 /\\ / ___'_ __ _ _(_)_ __  __ _ \ \ \ \
( ( )\___ | '_ | '_| | '_ \/ _` | \ \ \ \
 \\/  ___)| |_)| | | | | || (_| |  ) ) ) )
  '  |____| .__|_| |_|_| |_\__, | / / / /
 =========|_|==============|___/=/_/_/_/

 :: Spring Boot ::                (v3.3.3)

2024-09-24 17:49:40.426 [main] INFO  s.s.c.EmployeeControllerTest - [] - Starting EmployeeControllerTest using Java 17.0.8 with PID 3312 (started by Aidil Adam in E:\Study Case BE PT. Energi Jaring Komunikasi\aplikasi-apistudycase-springbeaidil\aplikasi-apistudycase-springbeaidil)
2024-09-24 17:49:40.426 [main] INFO  s.s.c.EmployeeControllerTest - [] - No active profile set, falling back to 1 default profile: "default"
2024-09-24 17:49:40.706 [main] INFO  o.s.d.r.c.RepositoryConfigurationDelegate - [] - Bootstrapping Spring Data JPA repositories in DEFAULT mode.
2024-09-24 17:49:40.721 [main] INFO  o.s.d.r.c.RepositoryConfigurationDelegate - [] - Finished Spring Data repository scanning in 14 ms. Found 2 JPA repository interfaces.
2024-09-24 17:49:40.893 [main] INFO  o.h.jpa.internal.util.LogHelper - [] - HHH000204: Processing PersistenceUnitInfo [name: default]
2024-09-24 17:49:40.897 [main] INFO  o.h.c.i.RegionFactoryInitiator - [] - HHH000026: Second-level cache disabled
2024-09-24 17:49:40.916 [main] INFO  o.s.o.j.p.SpringPersistenceUnitInfo - [] - No LoadTimeWeaver setup: ignoring JPA class transformer
2024-09-24 17:49:40.917 [main] INFO  com.zaxxer.hikari.HikariDataSource - [] - HikariPool-2 - Starting...
2024-09-24 17:49:40.972 [main] INFO  com.zaxxer.hikari.pool.HikariPool - [] - HikariPool-2 - Added connection org.postgresql.jdbc.PgConnection@3f7d20c5
2024-09-24 17:49:40.973 [main] INFO  com.zaxxer.hikari.HikariDataSource - [] - HikariPool-2 - Start completed.
2024-09-24 17:49:40.983 [main] WARN  org.hibernate.orm.deprecation - [] - HHH90000025: PostgreSQLDialect does not need to be specified explicitly using 'hibernate.dialect' (remove the property setting and it will be selected by default)
2024-09-24 17:49:41.051 [main] INFO  o.h.e.t.j.p.i.JtaPlatformInitiator - [] - HHH000489: No JTA platform available (set 'hibernate.transaction.jta.platform' to enable JTA platform integration)
2024-09-24 17:49:41.101 [main] INFO  o.s.o.j.LocalContainerEntityManagerFactoryBean - [] - Initialized JPA EntityManagerFactory for persistence unit 'default'
2024-09-24 17:49:41.150 [main] WARN  o.s.s.c.a.a.c.InitializeUserDetailsBeanManagerConfigurer$InitializeUserDetailsManagerConfigurer - [] - Global AuthenticationManager configured with an AuthenticationProvider bean. UserDetailsService beans will not be used for username/password login. Consider removing the AuthenticationProvider bean. Alternatively, consider using the UserDetailsService in a manually instantiated DaoAuthenticationProvider.
2024-09-24 17:49:41.174 [main] WARN  o.s.b.a.o.j.JpaBaseConfiguration$JpaWebConfiguration - [] - spring.jpa.open-in-view is enabled by default. Therefore, database queries may be performed during view rendering. Explicitly configure spring.jpa.open-in-view to disable this warning
2024-09-24 17:49:41.398 [main] INFO  o.s.b.t.m.w.SpringBootMockServletContext - [] - Initializing Spring TestDispatcherServlet ''
2024-09-24 17:49:41.398 [main] INFO  o.s.t.w.s.TestDispatcherServlet - [] - Initializing Servlet ''
2024-09-24 17:49:41.399 [main] INFO  o.s.t.w.s.TestDispatcherServlet - [] - Completed initialization in 1 ms
2024-09-24 17:49:41.411 [main] INFO  s.s.c.EmployeeControllerTest - [] - Started EmployeeControllerTest in 1.034 seconds (process running for 12.858)
]]></system-out>
  </testcase>
  <testcase name="testListEmployees" classname="studycaseaplikasiapi.springbeaidil.controller.EmployeeControllerTest" time="0.102">
    <system-out><![CDATA[2024-09-24 17:49:41.468 [main] WARN  o.s.d.w.c.SpringDataJacksonConfiguration$PageModule$WarningLoggingModifier - [] - Serializing PageImpl instances as-is is not supported, meaning that there is no guarantee about the stability of the resulting JSON structure!
	For a stable JSON structure, please use Spring Data's PagedModel (globally via @EnableSpringDataWebSupport(pageSerializationMode = VIA_DTO))
	or Spring HATEOAS and Spring Data's PagedResourcesAssembler as documented in https://docs.spring.io/spring-data/commons/reference/repositories/core-extensions.html#core.web.pageables.

]]></system-out>
  </testcase>
  <testcase name="testUpdateEmployee" classname="studycaseaplikasiapi.springbeaidil.controller.EmployeeControllerTest" time="0.016"/>
  <testcase name="testCreateEmployee" classname="studycaseaplikasiapi.springbeaidil.controller.EmployeeControllerTest" time="0.011"/>
</testsuite>